TN:
SF:src/UniBridgeVault.sol
DA:32,260
FN:32,UniBridgeVault.lock
FNDA:260,UniBridgeVault.lock
DA:35,259
BRDA:35,0,0,1
DA:40,258
DA:43,258
DA:52,4
FN:52,UniBridgeVault.release
FNDA:4,UniBridgeVault.release
DA:56,3
BRDA:56,1,0,1
DA:57,2
DA:58,1
BRDA:58,2,0,1
DA:61,1
DA:62,1
BRDA:62,3,0,-
BRDA:62,3,1,1
DA:64,1
DA:71,2
FN:71,UniBridgeVault.pause
FNDA:2,UniBridgeVault.pause
DA:72,2
DA:75,1
FN:75,UniBridgeVault.unpause
FNDA:1,UniBridgeVault.unpause
DA:76,1
DA:80,259
FN:80,UniBridgeVault.getVaultBalance
FNDA:259,UniBridgeVault.getVaultBalance
DA:81,259
FNF:5
FNH:5
LF:17
LH:17
BRF:5
BRH:4
end_of_record
