TN:
SF:src/UniBridgeVault.sol
DA:49,9
FN:49,UniBridgeVault.constructor
FNDA:9,UniBridgeVault.constructor
DA:50,9
DA:51,9
DA:60,6
FN:60,UniBridgeVault.lock
FNDA:6,UniBridgeVault.lock
DA:64,5
BRDA:64,0,0,1
DA:68,4
DA:73,4
BRDA:73,1,0,1
BRDA:73,1,1,3
DA:76,3
DA:78,3
DA:95,264
FN:95,UniBridgeVault.release
FNDA:264,UniBridgeVault.release
DA:102,1
BRDA:102,2,0,1
DA:105,261
DA:106,1
BRDA:106,3,0,1
DA:109,260
DA:111,260
DA:112,260
BRDA:112,4,0,-
BRDA:112,4,1,260
DA:114,260
DA:123,1
FN:123,UniBridgeVault.pause
FNDA:1,UniBridgeVault.pause
DA:124,1
DA:131,1
FN:131,UniBridgeVault.unpause
FNDA:1,UniBridgeVault.unpause
DA:132,1
DA:140,2
FN:140,UniBridgeVault.emergencyWithdraw
FNDA:2,UniBridgeVault.emergencyWithdraw
DA:143,2
DA:144,1
BRDA:144,5,0,1
DA:146,1
DA:147,1
BRDA:147,6,0,-
BRDA:147,6,1,1
DA:155,0
FN:155,UniBridgeVault.getRoleMembers
FNDA:0,UniBridgeVault.getRoleMembers
DA:158,0
DA:159,0
DA:161,0
DA:162,0
DA:165,0
DA:168,0
FN:168,UniBridgeVault.getAllRelayers
FNDA:0,UniBridgeVault.getAllRelayers
DA:169,0
DA:172,0
FN:172,UniBridgeVault.getAllAdmins
FNDA:0,UniBridgeVault.getAllAdmins
DA:173,0
FNF:9
FNH:6
LF:36
LH:26
BRF:10
BRH:8
end_of_record
